<?xml version="1.0" encoding="UTF-8"?>
<testsuite name="compbio.conservation.CorrelationTester" failures="0" tests="4" time="0.032" errors="0">
  <properties/>
  <testcase name="gapColumnTester" time="0.0" classname="compbio.conservation.CorrelationTester"/>
  <testcase name="gapColumnTesterIllegal" time="0.0" classname="compbio.conservation.CorrelationTester"/>
  <testcase name="gapColumnTesterIllegal2" time="0.0" classname="compbio.conservation.CorrelationTester"/>
  <testcase name="gapColumnTesterIllegal3" time="0.0" classname="compbio.conservation.CorrelationTester"/>
</testsuite>
